2025-04-30 14:12:09,831 - INFO - 너 (or 당신, depending on the context) (원문: you)
2025-04-30 14:12:12,797 - INFO - The word "you" can be translated into Korean as "당신" (dangsin) in a polite context, or "너" (neo) in a more casual or intimate context. The choice depends on the formality of the situation. If you need a specific context for translation, please provide more details! (원문: you)
2025-04-30 14:12:14,291 - INFO - 안녕하세요! 어떻게 도와드릴까요? (원문: you)
2025-04-30 14:12:15,952 - INFO - 안녕하세요! 어떻게 도와드릴까요? (원문: you)
2025-04-30 14:12:17,938 - INFO - 너 (or 당신) (원문: you)
2025-04-30 14:12:19,662 - INFO - 당신 (원문: you)
2025-04-30 14:12:21,193 - INFO - 당신 (원문: you)
2025-04-30 14:12:22,286 - INFO - 당신 (원문: you)
2025-04-30 14:12:23,651 - INFO - 안녕하세요! 어떻게 도와드릴까요? (원문: you)
2025-04-30 14:12:25,119 - INFO - 안녕하세요! 무엇을 도와드릴까요?  (원문: you)
2025-04-30 14:12:26,414 - INFO - 당신 (원문: you)
2025-04-30 14:12:35,608 - INFO - 제 이해로는 2000년대 초반, AI가 우리의 뇌를 최적화하는 방식이 이렇습니다. (원문: And my understanding is that in the early 2000s, This is how AI optimizes our brains.)
2025-04-30 14:12:38,886 - INFO - "you" in Korean is "당신" (dangsin) in formal contexts, but it can also be translated as "너" (neo) in informal situations. The appropriate term depends on the level of formality and the relationship between the speakers. If you have a specific context in mind, please let me know for a more tailored translation! (원문: you)
2025-04-30 14:12:40,636 - INFO - "내 일정은 이 회의를 엽니다." 

If you meant to say something else, please provide more context! (원문: My schedule this meeting)
2025-04-30 14:12:42,497 - INFO - 안녕하세요! 무엇을 도와드릴까요? (원문: you)
2025-04-30 14:12:44,290 - INFO - 당신 (원문: you)
2025-04-30 14:12:45,570 - INFO - 안녕하세요! 어떻게 도와드릴까요? (원문: you)
2025-04-30 14:12:46,925 - INFO - 안녕하세요! 무엇을 도와드릴까요? (원문: you)
2025-04-30 14:12:48,328 - INFO - 안녕하세요! 무엇을 도와드릴까요? (원문: you)
2025-04-30 14:12:49,765 - INFO - 당신 (원문: you)
2025-04-30 14:12:50,958 - INFO - 당신 (원문: you)
2025-04-30 14:12:52,524 - INFO - 안녕하세요! 무엇을 도와드릴까요? (원문: you)
2025-04-30 14:12:54,266 - INFO - 당신 (원문: you)
2025-04-30 14:12:56,075 - INFO - 너 (neo) (원문: you)
2025-04-30 14:12:57,954 - INFO - Sure! If you need assistance with a translation or have a specific text you'd like me to translate from English to Korean, please provide it, and I'll be happy to help. (원문: you)
2025-04-30 14:12:59,332 - INFO - 안녕하세요! 어떻게 도와드릴까요? (원문: you)
2025-04-30 14:13:01,027 - INFO - 안녕하세요! 무엇을 도와드릴까요? (원문: you)
2025-04-30 14:13:03,041 - INFO - How can I assist you today? If you need something translated or have a question, feel free to ask! (원문: you)
2025-04-30 14:13:04,974 - INFO - 당신 (원문: you)
2025-04-30 14:13:07,119 - INFO - 안녕하세요! 어떻게 도와드릴까요? (원문: you)
2025-04-30 14:13:08,501 - INFO - 안녕하세요! 무엇을 도와드릴까요? (원문: you)
2025-04-30 14:13:09,937 - INFO - 당신 (원문: you)
2025-04-30 14:13:11,478 - INFO - 안녕하세요! 어떻게 도와드릴까요? (원문: you)
2025-04-30 14:13:13,006 - INFO - 안녕하세요! 무엇을 도와드릴까요? (원문: you)
2025-04-30 14:13:14,413 - INFO - 당신 (원문: you)
2025-04-30 14:13:16,592 - INFO - 안녕하세요! 어떻게 도와드릴까요? (원문: you)
2025-04-30 14:13:17,833 - INFO - 안녕하세요! 무엇을 도와드릴까요? (원문: you)
2025-04-30 14:13:19,670 - INFO - You can provide me with text you'd like translated from English to Korean, and I'll be happy to assist you! (원문: you)
2025-04-30 14:13:22,328 - INFO - "you" in Korean can be translated as "너" (neon) for informal situations or "당신" (dangsin) for more formal situations. The appropriate translation depends on the context and the degree of formality. If you have a specific sentence in mind, I can provide a more accurate translation! (원문: you)
2025-04-30 14:13:23,493 - INFO - 당신 (원문: you)
2025-04-30 14:13:27,101 - INFO - 너 (i.e., "you" in Korean). If you need further assistance or specific translations, feel free to ask! (원문: you)
2025-04-30 14:13:28,572 - INFO - 당신 (원문: you)
2025-04-30 14:13:29,903 - INFO - 안녕하세요! 무엇을 도와드릴까요? (원문: you)
2025-04-30 14:13:31,703 - INFO - 당신 (원문: you)
2025-04-30 14:13:33,334 - INFO - 당신 (원문: you)
2025-04-30 14:13:34,719 - INFO - 당신 (원문: you)
2025-04-30 14:13:36,662 - INFO - 당신 (or 너, depending on the level of formality) (원문: you)
2025-04-30 14:13:38,258 - INFO - 당신 (원문: you)
2025-04-30 14:13:39,567 - INFO - 당신 (원문: you)
2025-04-30 14:13:41,168 - INFO - 당신 (원문: you)
