2025-05-07 17:43:50,374 - INFO - μ¤λ””μ¤ μΊ΅μ² λ° λ²μ—­ μ²λ¦¬ μ¤λ λ“ μ‹μ‘...
2025-05-07 17:43:50,377 - INFO - λ°ν™” μ™„λ£ ν›„μ—λ§ λ²μ—­ κ²°κ³Όκ°€ ν‘μ‹λ©λ‹λ‹¤.
2025-05-07 17:43:53,300 - INFO - 
π¤ ν„μ¬ μ¤λ””μ¤ μ…λ ¥ μ„¤μ •:
2025-05-07 17:43:53,301 - INFO - μ¥μΉ μ΄λ¦„: Microsoft Sound Mapper - Input
2025-05-07 17:43:53,305 - INFO - μ…λ ¥ μ±„λ„ μ: 2
2025-05-07 17:43:53,305 - INFO - κΈ°λ³Έ μƒν”λ§ λ μ΄νΈ: 44100Hz
2025-05-07 17:43:53,306 - INFO - 
μΌλ° λ§μ΄ν¬λ¥Ό μ‚¬μ© μ¤‘μ…λ‹λ‹¤.
2025-05-07 17:43:53,307 - INFO - μμ„±μ΄ κ°μ§€λμ§€ μ•λ”λ‹¤λ©΄:
2025-05-07 17:43:53,309 - INFO - 1. λ§μ΄ν¬κ°€ μ •μƒμ μΌλ΅ μ—°κ²°λμ–΄ μλ”μ§€ ν™•μΈν•μ„Έμ”.
2025-05-07 17:43:53,310 - INFO - 2. μ‹μ¤ν… μ„¤μ •μ—μ„ λ§μ΄ν¬ κ¶ν•μ΄ ν—μ©λμ–΄ μλ”μ§€ ν™•μΈν•μ„Έμ”.
2025-05-07 17:43:53,310 - INFO - 3. μ‹μ¤ν… μ„¤μ •μ—μ„ μ…λ ¥ μ¥μΉκ°€ μ¬λ°”λ¥΄κ² μ„ νƒλμ–΄ μλ”μ§€ ν™•μΈν•μ„Έμ”.
2025-05-07 17:43:53,704 - INFO - μ¥μΉ μ •λ³΄: μµλ€ μ…λ ¥ μ±„λ„ = 2, μ„ νƒλ μ±„λ„ = 1
2025-05-07 17:43:53,799 - INFO - μ¤λ””μ¤ μ¤νΈλ¦Όμ΄ μ„±κ³µμ μΌλ΅ μ—΄λ Έμµλ‹λ‹¤. μ±„λ„: 1
2025-05-07 17:43:53,800 - INFO - 
'Microsoft Sound Mapper - Input' μ¥μΉλ¥Ό μ‚¬μ©ν•©λ‹λ‹¤. μ‹μ¤ν… μ¤λ””μ¤ μΊ΅μ²λ¥Ό μ‹μ‘ν•©λ‹λ‹¤...
2025-05-07 17:43:53,802 - INFO - ν„μ¬ μΉ¨λ¬µ μ„κ³„κ°’: 200 (μ΄ κ°’ μ΄μƒμ΄λ©΄ μ¤λ””μ¤κ°€ κ°μ§€λ¨)
2025-05-07 17:43:56,357 - INFO - ν„μ¬ μ¤λ””μ¤ λ λ²¨: 1.0 (μ„κ³„κ°’: 200)
2025-05-07 17:43:56,359 - INFO - β³ μμ„±μ΄ κ°μ§€λμ§€ μ•μ•μµλ‹λ‹¤.
2025-05-07 17:43:57,737 - INFO - 
β…  μ¤λ””μ¤ κ°μ§€! Level: 9763.9
2025-05-07 17:43:58,917 - INFO - ν„μ¬ μ¤λ””μ¤ λ λ²¨: 8835.4 (μ„κ³„κ°’: 200)
2025-05-07 17:43:58,917 - INFO - β… μμ„±μ΄ κ°μ§€λμ—μµλ‹λ‹¤!
2025-05-07 17:44:01,477 - INFO - ν„μ¬ μ¤λ””μ¤ λ λ²¨: 10366.2 (μ„κ³„κ°’: 200)
2025-05-07 17:44:01,479 - INFO - β… μμ„±μ΄ κ°μ§€λμ—μµλ‹λ‹¤!
2025-05-07 17:44:04,036 - INFO - ν„μ¬ μ¤λ””μ¤ λ λ²¨: 1.0 (μ„κ³„κ°’: 200)
2025-05-07 17:44:04,037 - INFO - β³ μμ„±μ΄ κ°μ§€λμ§€ μ•μ•μµλ‹λ‹¤.
2025-05-07 17:44:04,517 - INFO - 
β³ μΉ¨λ¬µ κ°μ§€! Level: 1.0
2025-05-07 17:44:06,597 - INFO - ν„μ¬ μ¤λ””μ¤ λ λ²¨: 1.0 (μ„κ³„κ°’: 200)
2025-05-07 17:44:06,597 - INFO - β³ μμ„±μ΄ κ°μ§€λμ§€ μ•μ•μµλ‹λ‹¤.
2025-05-07 17:44:06,764 - INFO - π“ μμ–΄ μ›λ¬Έ: Now when I first started in the industry I started a company called Westwood Studios.
2025-05-07 17:44:09,157 - INFO - ν„μ¬ μ¤λ””μ¤ λ λ²¨: 1.0 (μ„κ³„κ°’: 200)
2025-05-07 17:44:09,158 - INFO - β³ μμ„±μ΄ κ°μ§€λμ§€ μ•μ•μµλ‹λ‹¤.
2025-05-07 17:44:11,717 - INFO - ν„μ¬ μ¤λ””μ¤ λ λ²¨: 1.0 (μ„κ³„κ°’: 200)
2025-05-07 17:44:11,718 - INFO - β³ μμ„±μ΄ κ°μ§€λμ§€ μ•μ•μµλ‹λ‹¤.
2025-05-07 17:44:14,276 - INFO - ν„μ¬ μ¤λ””μ¤ λ λ²¨: 1.0 (μ„κ³„κ°’: 200)
2025-05-07 17:44:14,278 - INFO - β³ μμ„±μ΄ κ°μ§€λμ§€ μ•μ•μµλ‹λ‹¤.
