2025-05-07 17:03:42,971 - INFO - 오디오 캡처 및 번역 처리 스레드 시작...
2025-05-07 17:03:42,974 - INFO - 발화 완료 후에만 번역 결과가 표시됩니다.
2025-05-07 17:03:43,687 - INFO - 
🎤 현재 오디오 입력 설정:
2025-05-07 17:03:43,734 - INFO - 장치 이름: Microsoft Sound Mapper - Input
2025-05-07 17:03:43,738 - INFO - 입력 채널 수: 2
2025-05-07 17:03:43,739 - INFO - 기본 샘플링 레이트: 44100Hz
2025-05-07 17:03:43,740 - INFO - 
일반 마이크를 사용 중입니다.
2025-05-07 17:03:43,741 - INFO - 음성이 감지되지 않는다면:
2025-05-07 17:03:43,750 - INFO - 1. 마이크가 정상적으로 연결되어 있는지 확인하세요.
2025-05-07 17:03:43,751 - INFO - 2. 시스템 설정에서 마이크 권한이 허용되어 있는지 확인하세요.
2025-05-07 17:03:43,752 - INFO - 3. 시스템 설정에서 입력 장치가 올바르게 선택되어 있는지 확인하세요.
2025-05-07 17:03:45,719 - INFO - 장치 정보: 최대 입력 채널 = 2, 선택된 채널 = 1
2025-05-07 17:03:45,756 - INFO - 오디오 스트림이 성공적으로 열렸습니다. 채널: 1
2025-05-07 17:03:45,756 - INFO - 
'Microsoft Sound Mapper - Input' 장치를 사용합니다. 시스템 오디오 캡처를 시작합니다...
2025-05-07 17:03:45,759 - INFO - 현재 침묵 임계값: 200 (이 값 이상이면 오디오가 감지됨)
2025-05-07 17:03:46,524 - INFO - 
✅  오디오 감지! Level: 206.1
2025-05-07 17:03:50,874 - INFO - 현재 오디오 레벨: 11605.9 (임계값: 200)
2025-05-07 17:03:50,874 - INFO - ✅ 음성이 감지되었습니다!
2025-05-07 17:03:54,463 - INFO - 
⏳ 침묵 감지! Level: 1.0
2025-05-07 17:03:55,581 - INFO - 📝 영어 원문: Now, when I first started in the industry, I started a company called Westwood Studios.
2025-05-07 17:03:55,993 - INFO - 현재 오디오 레벨: 1.0 (임계값: 200)
2025-05-07 17:03:55,994 - INFO - ⏳ 음성이 감지되지 않았습니다.
2025-05-07 17:03:56,418 - INFO - 
[17:03:56] 새로운 번역 시작
2025-05-07 17:03:56,419 - INFO - 초기화 전 prev_translation: 
2025-05-07 17:03:56,420 - INFO - 초기화 전 accumulated_text: 
2025-05-07 17:03:56,421 - INFO - 초기화 후 prev_translation: 
2025-05-07 17:03:56,421 - INFO - 초기화 후 accumulated_text: 
2025-05-07 17:03:56,421 - INFO - [17:03:56] 번역:
2025-05-07 17:03:56,421 - INFO - "제가 이 업계에 처음 발을 들였을 때, 웨스트우드 스튜디오라는 회사를 시작했습니다."
2025-05-07 17:03:56,422 - INFO - 원문: Now, when I first started in the industry, I started a company called Westwood Studios.
2025-05-07 17:03:58,754 - INFO - 
✅  오디오 감지! Level: 1173.6
2025-05-07 17:04:01,114 - INFO - 현재 오디오 레벨: 344.6 (임계값: 200)
2025-05-07 17:04:01,115 - INFO - ✅ 음성이 감지되었습니다!
2025-05-07 17:04:03,483 - INFO - 
⏳ 침묵 감지! Level: 1.0
2025-05-07 17:04:04,229 - INFO - 📝 영어 원문: And I was responsible for our online community.
2025-05-07 17:04:04,943 - INFO - 
[17:04:04] 새로운 번역 시작
2025-05-07 17:04:04,943 - INFO - 초기화 전 prev_translation: "제가 이 업계에 처음 발을 들였을 때, 웨스트우드 스튜디오라는 회사를 시작했습니다."
2025-05-07 17:04:04,947 - INFO - 초기화 전 accumulated_text: "제가 이 업계에 처음 발을 들였을 때, 웨스트우드 스튜디오라는 회사를 시작했습니다."
2025-05-07 17:04:04,948 - INFO - 초기화 후 prev_translation: 
2025-05-07 17:04:04,948 - INFO - 초기화 후 accumulated_text: 
2025-05-07 17:04:04,949 - INFO - [17:04:04] 번역:
2025-05-07 17:04:04,949 - INFO - "저는 우리 온라인 커뮤니티를 담당하고 있었습니다."
2025-05-07 17:04:04,950 - INFO - 원문: And I was responsible for our online community.
2025-05-07 17:04:06,233 - INFO - 현재 오디오 레벨: 1.0 (임계값: 200)
2025-05-07 17:04:06,234 - INFO - ⏳ 음성이 감지되지 않았습니다.
2025-05-07 17:04:10,273 - INFO - 
✅  오디오 감지! Level: 421.3
2025-05-07 17:04:11,354 - INFO - 현재 오디오 레벨: 16272.5 (임계값: 200)
2025-05-07 17:04:11,355 - INFO - ✅ 음성이 감지되었습니다!
2025-05-07 17:04:16,474 - INFO - 현재 오디오 레벨: 17043.7 (임계값: 200)
2025-05-07 17:04:16,475 - INFO - ✅ 음성이 감지되었습니다!
2025-05-07 17:04:21,083 - INFO - 
⏳ 침묵 감지! Level: 1.0
2025-05-07 17:04:21,594 - INFO - 현재 오디오 레벨: 1.0 (임계값: 200)
2025-05-07 17:04:21,595 - INFO - ⏳ 음성이 감지되지 않았습니다.
2025-05-07 17:04:22,181 - INFO - 📝 영어 원문: And we had, this is back in 1996, we had, wait for it, one million players in our community, which was huge back then, it was huge.
2025-05-07 17:04:23,372 - INFO - 
[17:04:23] 새로운 번역 시작
2025-05-07 17:04:23,372 - INFO - 초기화 전 prev_translation: "저는 우리 온라인 커뮤니티를 담당하고 있었습니다."
2025-05-07 17:04:23,373 - INFO - 초기화 전 accumulated_text: "저는 우리 온라인 커뮤니티를 담당하고 있었습니다."
2025-05-07 17:04:23,374 - INFO - 초기화 후 prev_translation: 
2025-05-07 17:04:23,375 - INFO - 초기화 후 accumulated_text: 
2025-05-07 17:04:23,376 - INFO - [17:04:23] 번역:
2025-05-07 17:04:23,377 - INFO - "그리고 우리는, 1996년으로 돌아가서, 우리 커뮤니티에 무려 백만 명의 플레이어가 있었어요. 그 당시에는 정말 대단한 수치였죠."
2025-05-07 17:04:23,377 - INFO - 원문: And we had, this is back in 1996, we had, wait for it, one million players in our community, which was huge back then, it was huge.
2025-05-07 17:04:26,714 - INFO - 현재 오디오 레벨: 1.0 (임계값: 200)
2025-05-07 17:04:26,715 - INFO - ⏳ 음성이 감지되지 않았습니다.
2025-05-07 17:04:31,833 - INFO - 현재 오디오 레벨: 1.0 (임계값: 200)
2025-05-07 17:04:31,834 - INFO - ⏳ 음성이 감지되지 않았습니다.
2025-05-07 17:04:36,953 - INFO - 현재 오디오 레벨: 1.0 (임계값: 200)
2025-05-07 17:04:36,955 - INFO - ⏳ 음성이 감지되지 않았습니다.
