2025-05-07 17:18:36,847 - INFO - μ¤λ””μ¤ μΊ΅μ² λ° λ²μ—­ μ²λ¦¬ μ¤λ λ“ μ‹μ‘...
2025-05-07 17:18:36,851 - INFO - λ°ν™” μ™„λ£ ν›„μ—λ§ λ²μ—­ κ²°κ³Όκ°€ ν‘μ‹λ©λ‹λ‹¤.
2025-05-07 17:18:37,528 - INFO - 
π¤ ν„μ¬ μ¤λ””μ¤ μ…λ ¥ μ„¤μ •:
2025-05-07 17:18:37,584 - INFO - μ¥μΉ μ΄λ¦„: Microsoft Sound Mapper - Input
2025-05-07 17:18:37,585 - INFO - μ…λ ¥ μ±„λ„ μ: 2
2025-05-07 17:18:37,588 - INFO - κΈ°λ³Έ μƒν”λ§ λ μ΄νΈ: 44100Hz
2025-05-07 17:18:37,589 - INFO - 
μΌλ° λ§μ΄ν¬λ¥Ό μ‚¬μ© μ¤‘μ…λ‹λ‹¤.
2025-05-07 17:18:37,589 - INFO - μμ„±μ΄ κ°μ§€λμ§€ μ•λ”λ‹¤λ©΄:
2025-05-07 17:18:37,598 - INFO - 1. λ§μ΄ν¬κ°€ μ •μƒμ μΌλ΅ μ—°κ²°λμ–΄ μλ”μ§€ ν™•μΈν•μ„Έμ”.
2025-05-07 17:18:37,599 - INFO - 2. μ‹μ¤ν… μ„¤μ •μ—μ„ λ§μ΄ν¬ κ¶ν•μ΄ ν—μ©λμ–΄ μλ”μ§€ ν™•μΈν•μ„Έμ”.
2025-05-07 17:18:37,600 - INFO - 3. μ‹μ¤ν… μ„¤μ •μ—μ„ μ…λ ¥ μ¥μΉκ°€ μ¬λ°”λ¥΄κ² μ„ νƒλμ–΄ μλ”μ§€ ν™•μΈν•μ„Έμ”.
2025-05-07 17:18:39,324 - INFO - μ¥μΉ μ •λ³΄: μµλ€ μ…λ ¥ μ±„λ„ = 2, μ„ νƒλ μ±„λ„ = 1
2025-05-07 17:18:39,364 - INFO - μ¤λ””μ¤ μ¤νΈλ¦Όμ΄ μ„±κ³µμ μΌλ΅ μ—΄λ Έμµλ‹λ‹¤. μ±„λ„: 1
2025-05-07 17:18:39,374 - INFO - 
'Microsoft Sound Mapper - Input' μ¥μΉλ¥Ό μ‚¬μ©ν•©λ‹λ‹¤. μ‹μ¤ν… μ¤λ””μ¤ μΊ΅μ²λ¥Ό μ‹μ‘ν•©λ‹λ‹¤...
2025-05-07 17:18:39,377 - INFO - ν„μ¬ μΉ¨λ¬µ μ„κ³„κ°’: 200 (μ΄ κ°’ μ΄μƒμ΄λ©΄ μ¤λ””μ¤κ°€ κ°μ§€λ¨)
2025-05-07 17:18:42,505 - INFO - 
β…  μ¤λ””μ¤ κ°μ§€! Level: 219.1
2025-05-07 17:18:44,484 - INFO - ν„μ¬ μ¤λ””μ¤ λ λ²¨: 15227.2 (μ„κ³„κ°’: 200)
2025-05-07 17:18:44,484 - INFO - β… μμ„±μ΄ κ°μ§€λμ—μµλ‹λ‹¤!
2025-05-07 17:18:49,603 - INFO - ν„μ¬ μ¤λ””μ¤ λ λ²¨: 1.0 (μ„κ³„κ°’: 200)
2025-05-07 17:18:49,604 - INFO - β³ μμ„±μ΄ κ°μ§€λμ§€ μ•μ•μµλ‹λ‹¤.
2025-05-07 17:18:50,443 - INFO - 
β³ μΉ¨λ¬µ κ°μ§€! Level: 1.0
2025-05-07 17:18:51,665 - INFO - π“ μμ–΄ μ›λ¬Έ: Now, when I first started in the industry,
2025-05-07 17:18:52,400 - ERROR - Error in translation processing: There is no current event loop in thread 'translation_queue_thread'.
Traceback (most recent call last):
  File "C:\Users\Nongshim\Desktop\Python\Auto.CC\audio_translator.py", line 654, in process_translation_queue
    prev_translation, accumulated_text = self.process_translation_result(
                                         ^^^^^^^^^^^^^^^^^^^^^^^^^^^^^^^^
  File "C:\Users\Nongshim\Desktop\Python\Auto.CC\audio_translator.py", line 625, in process_translation_result
    asyncio.get_event_loop()
  File "C:\Users\Nongshim\miniconda3\envs\stt\Lib\asyncio\events.py", line 698, in get_event_loop
    raise RuntimeError('There is no current event loop in thread %r.'
RuntimeError: There is no current event loop in thread 'translation_queue_thread'.
2025-05-07 17:18:54,723 - INFO - ν„μ¬ μ¤λ””μ¤ λ λ²¨: 1.0 (μ„κ³„κ°’: 200)
2025-05-07 17:18:54,724 - INFO - β³ μμ„±μ΄ κ°μ§€λμ§€ μ•μ•μµλ‹λ‹¤.
2025-05-07 17:18:59,844 - INFO - ν„μ¬ μ¤λ””μ¤ λ λ²¨: 1.0 (μ„κ³„κ°’: 200)
2025-05-07 17:18:59,845 - INFO - β³ μμ„±μ΄ κ°μ§€λμ§€ μ•μ•μµλ‹λ‹¤.
