2025-05-07 17:04:51,942 - INFO - 오디오 캡처 및 번역 처리 스레드 시작...
2025-05-07 17:04:51,946 - INFO - 발화 완료 후에만 번역 결과가 표시됩니다.
2025-05-07 17:04:53,132 - INFO - 
🎤 현재 오디오 입력 설정:
2025-05-07 17:04:53,197 - INFO - 장치 이름: Microsoft Sound Mapper - Input
2025-05-07 17:04:53,200 - INFO - 입력 채널 수: 2
2025-05-07 17:04:53,200 - INFO - 기본 샘플링 레이트: 44100Hz
2025-05-07 17:04:53,201 - INFO - 
일반 마이크를 사용 중입니다.
2025-05-07 17:04:53,203 - INFO - 음성이 감지되지 않는다면:
2025-05-07 17:04:53,204 - INFO - 1. 마이크가 정상적으로 연결되어 있는지 확인하세요.
2025-05-07 17:04:53,205 - INFO - 2. 시스템 설정에서 마이크 권한이 허용되어 있는지 확인하세요.
2025-05-07 17:04:53,206 - INFO - 3. 시스템 설정에서 입력 장치가 올바르게 선택되어 있는지 확인하세요.
2025-05-07 17:04:55,364 - INFO - 장치 정보: 최대 입력 채널 = 2, 선택된 채널 = 1
2025-05-07 17:04:55,391 - INFO - 오디오 스트림이 성공적으로 열렸습니다. 채널: 1
2025-05-07 17:04:55,393 - INFO - 
'Microsoft Sound Mapper - Input' 장치를 사용합니다. 시스템 오디오 캡처를 시작합니다...
2025-05-07 17:04:55,394 - INFO - 현재 침묵 임계값: 200 (이 값 이상이면 오디오가 감지됨)
2025-05-07 17:04:55,835 - INFO - 
✅  오디오 감지! Level: 218.9
2025-05-07 17:05:00,513 - INFO - 현재 오디오 레벨: 12960.6 (임계값: 200)
2025-05-07 17:05:00,514 - INFO - ✅ 음성이 감지되었습니다!
2025-05-07 17:05:03,903 - INFO - 
⏳ 침묵 감지! Level: 1.0
2025-05-07 17:05:05,268 - INFO - 📝 영어 원문: Now when I first started in the industry, I started a company called Westwood Studios.
2025-05-07 17:05:05,633 - INFO - 현재 오디오 레벨: 1.0 (임계값: 200)
2025-05-07 17:05:05,634 - INFO - ⏳ 음성이 감지되지 않았습니다.
2025-05-07 17:05:06,332 - INFO - 
[17:05:06] 새로운 번역 시작
2025-05-07 17:05:06,333 - INFO - 초기화 전 prev_translation: 
2025-05-07 17:05:06,334 - INFO - 초기화 전 accumulated_text: 
2025-05-07 17:05:06,334 - INFO - 초기화 후 prev_translation: 
2025-05-07 17:05:06,335 - INFO - 초기화 후 accumulated_text: 
2025-05-07 17:05:06,335 - INFO - [17:05:06] 번역:
2025-05-07 17:05:06,336 - INFO - "제가 이 업계에 처음 발을 내디뎠을 때, Westwood Studios라는 회사를 시작했습니다."
2025-05-07 17:05:06,336 - INFO - 원문: Now when I first started in the industry, I started a company called Westwood Studios.
2025-05-07 17:05:10,753 - INFO - 현재 오디오 레벨: 1.0 (임계값: 200)
2025-05-07 17:05:10,754 - INFO - ⏳ 음성이 감지되지 않았습니다.
2025-05-07 17:05:15,873 - INFO - 현재 오디오 레벨: 1.0 (임계값: 200)
2025-05-07 17:05:15,875 - INFO - ⏳ 음성이 감지되지 않았습니다.
2025-05-07 17:05:18,493 - INFO - 
✅  오디오 감지! Level: 952.4
2025-05-07 17:05:20,994 - INFO - 현재 오디오 레벨: 208.8 (임계값: 200)
2025-05-07 17:05:20,997 - INFO - ✅ 음성이 감지되었습니다!
2025-05-07 17:05:23,164 - INFO - 
⏳ 침묵 감지! Level: 1.0
2025-05-07 17:05:24,233 - INFO - 📝 영어 원문: And I was responsible for our online community.
2025-05-07 17:05:25,222 - INFO - 
[17:05:25] 새로운 번역 시작
2025-05-07 17:05:25,222 - INFO - 초기화 전 prev_translation: "제가 이 업계에 처음 발을 내디뎠을 때, Westwood Studios라는 회사를 시작했습니다."
2025-05-07 17:05:25,223 - INFO - 초기화 전 accumulated_text: "제가 이 업계에 처음 발을 내디뎠을 때, Westwood Studios라는 회사를 시작했습니다."
2025-05-07 17:05:25,224 - INFO - 초기화 후 prev_translation: 
2025-05-07 17:05:25,224 - INFO - 초기화 후 accumulated_text: 
2025-05-07 17:05:25,226 - INFO - [17:05:25] 번역:
2025-05-07 17:05:25,226 - INFO - "그리고 저는 우리 온라인 커뮤니티의 책임을 맡고 있었습니다."
2025-05-07 17:05:25,227 - INFO - 원문: And I was responsible for our online community.
2025-05-07 17:05:26,113 - INFO - 현재 오디오 레벨: 1.0 (임계값: 200)
2025-05-07 17:05:26,114 - INFO - ⏳ 음성이 감지되지 않았습니다.
2025-05-07 17:05:31,233 - INFO - 현재 오디오 레벨: 1.0 (임계값: 200)
2025-05-07 17:05:31,234 - INFO - ⏳ 음성이 감지되지 않았습니다.
2025-05-07 17:05:32,125 - INFO - 
✅  오디오 감지! Level: 266.0
2025-05-07 17:05:36,353 - INFO - 현재 오디오 레벨: 412.4 (임계값: 200)
2025-05-07 17:05:36,355 - INFO - ✅ 음성이 감지되었습니다!
2025-05-07 17:05:41,473 - INFO - 현재 오디오 레벨: 10634.7 (임계값: 200)
2025-05-07 17:05:41,475 - INFO - ✅ 음성이 감지되었습니다!
2025-05-07 17:05:43,453 - INFO - 
⏳ 침묵 감지! Level: 1.0
2025-05-07 17:05:44,643 - INFO - 📝 영어 원문: And we had, this is back in 1996, we had, wait for it, one million players in our community, which was huge back then, it was huge.
2025-05-07 17:05:45,832 - INFO - 
[17:05:45] 새로운 번역 시작
2025-05-07 17:05:45,833 - INFO - 초기화 전 prev_translation: "그리고 저는 우리 온라인 커뮤니티의 책임을 맡고 있었습니다."
2025-05-07 17:05:45,833 - INFO - 초기화 전 accumulated_text: "그리고 저는 우리 온라인 커뮤니티의 책임을 맡고 있었습니다."
2025-05-07 17:05:45,833 - INFO - 초기화 후 prev_translation: 
2025-05-07 17:05:45,833 - INFO - 초기화 후 accumulated_text: 
2025-05-07 17:05:45,834 - INFO - [17:05:45] 번역:
2025-05-07 17:05:45,834 - INFO - "그리고 1996년으로 돌아가서, 우리 커뮤니티에는, 기다려 보세요, 백만 명의 플레이어가 있었어요. 그때는 정말 엄청난 숫자였죠."
2025-05-07 17:05:45,834 - INFO - 원문: And we had, this is back in 1996, we had, wait for it, one million players in our community, which was huge back then, it was huge.
2025-05-07 17:05:46,593 - INFO - 현재 오디오 레벨: 1.0 (임계값: 200)
2025-05-07 17:05:46,594 - INFO - ⏳ 음성이 감지되지 않았습니다.
2025-05-07 17:05:51,713 - INFO - 현재 오디오 레벨: 1.0 (임계값: 200)
2025-05-07 17:05:51,714 - INFO - ⏳ 음성이 감지되지 않았습니다.
2025-05-07 17:05:56,833 - INFO - 현재 오디오 레벨: 1.0 (임계값: 200)
2025-05-07 17:05:56,834 - INFO - ⏳ 음성이 감지되지 않았습니다.
2025-05-07 17:06:01,953 - INFO - 현재 오디오 레벨: 1.0 (임계값: 200)
2025-05-07 17:06:01,954 - INFO - ⏳ 음성이 감지되지 않았습니다.
2025-05-07 17:06:07,074 - INFO - 현재 오디오 레벨: 1.0 (임계값: 200)
2025-05-07 17:06:07,075 - INFO - ⏳ 음성이 감지되지 않았습니다.
2025-05-07 17:06:12,193 - INFO - 현재 오디오 레벨: 1.0 (임계값: 200)
2025-05-07 17:06:12,194 - INFO - ⏳ 음성이 감지되지 않았습니다.
2025-05-07 17:06:17,314 - INFO - 현재 오디오 레벨: 1.0 (임계값: 200)
2025-05-07 17:06:17,315 - INFO - ⏳ 음성이 감지되지 않았습니다.
2025-05-07 17:06:22,434 - INFO - 현재 오디오 레벨: 1.0 (임계값: 200)
2025-05-07 17:06:22,435 - INFO - ⏳ 음성이 감지되지 않았습니다.
2025-05-07 17:06:27,554 - INFO - 현재 오디오 레벨: 1.0 (임계값: 200)
2025-05-07 17:06:27,555 - INFO - ⏳ 음성이 감지되지 않았습니다.
2025-05-07 17:06:32,674 - INFO - 현재 오디오 레벨: 1.0 (임계값: 200)
2025-05-07 17:06:32,676 - INFO - ⏳ 음성이 감지되지 않았습니다.
2025-05-07 17:06:37,793 - INFO - 현재 오디오 레벨: 1.0 (임계값: 200)
2025-05-07 17:06:37,794 - INFO - ⏳ 음성이 감지되지 않았습니다.
2025-05-07 17:06:39,714 - INFO - 
✅  오디오 감지! Level: 265.9
2025-05-07 17:06:42,913 - INFO - 현재 오디오 레벨: 1575.0 (임계값: 200)
2025-05-07 17:06:42,915 - INFO - ✅ 음성이 감지되었습니다!
2025-05-07 17:06:48,034 - INFO - 현재 오디오 레벨: 368.3 (임계값: 200)
2025-05-07 17:06:48,034 - INFO - ✅ 음성이 감지되었습니다!
2025-05-07 17:06:53,154 - INFO - 현재 오디오 레벨: 1548.9 (임계값: 200)
2025-05-07 17:06:53,157 - INFO - ✅ 음성이 감지되었습니다!
2025-05-07 17:06:58,274 - INFO - 현재 오디오 레벨: 1.0 (임계값: 200)
2025-05-07 17:06:58,276 - INFO - ⏳ 음성이 감지되지 않았습니다.
2025-05-07 17:06:59,613 - INFO - 
⏳ 침묵 감지! Level: 1.0
2025-05-07 17:07:01,492 - INFO - 📝 영어 원문: I am so excited to be here to talk about gaming. There's been so many changes in this industry since I first started at Electronic Arts almost 30 years ago. I was very young, by the way, back then. Now if you look at
2025-05-07 17:07:02,788 - INFO - 
[17:07:02] 새로운 번역 시작
2025-05-07 17:07:02,789 - INFO - 초기화 전 prev_translation: "그리고 1996년으로 돌아가서, 우리 커뮤니티에는, 기다려 보세요, 백만 명의 플레이어가 있었어요. 그때는 정말 엄청난 숫자였죠."
2025-05-07 17:07:02,791 - INFO - 초기화 전 accumulated_text: "그리고 1996년으로 돌아가서, 우리 커뮤니티에는, 기다려 보세요, 백만 명의 플레이어가 있었어요. 그때는 정말 엄청난 숫자였죠."
2025-05-07 17:07:02,791 - INFO - 초기화 후 prev_translation: 
2025-05-07 17:07:02,792 - INFO - 초기화 후 accumulated_text: 
2025-05-07 17:07:02,792 - INFO - [17:07:02] 번역:
2025-05-07 17:07:02,793 - INFO - "게임에 대해 이야기하기 위해 이곳에 와서 정말 신이 납니다. 제가 전자 예술(Electronic Arts)에서 첫 번째로 일하기 시작한 지 거의 30년이 된 이후로 이 산업에는 많은 변화가 있었습니다. 그 당시 저는 아주 어렸습니다. 이제 여러분이 보시면…"
2025-05-07 17:07:02,793 - INFO - 원문: I am so excited to be here to talk about gaming. There's been so many changes in this industry since I first started at Electronic Arts almost 30 years ago. I was very young, by the way, back then. Now if you look at
2025-05-07 17:07:03,394 - INFO - 현재 오디오 레벨: 1.0 (임계값: 200)
2025-05-07 17:07:03,395 - INFO - ⏳ 음성이 감지되지 않았습니다.
