2025-05-07 16:48:42,890 - INFO - μ¤λ””μ¤ μΊ΅μ² λ° λ²μ—­ μ²λ¦¬ μ¤λ λ“ μ‹μ‘...
2025-05-07 16:48:42,894 - INFO - λ°ν™” μ™„λ£ ν›„μ—λ§ λ²μ—­ κ²°κ³Όκ°€ ν‘μ‹λ©λ‹λ‹¤.
2025-05-07 16:48:43,549 - INFO - 
π¤ ν„μ¬ μ¤λ””μ¤ μ…λ ¥ μ„¤μ •:
2025-05-07 16:48:43,631 - INFO - μ¥μΉ μ΄λ¦„: Microsoft Sound Mapper - Input
2025-05-07 16:48:43,640 - INFO - μ…λ ¥ μ±„λ„ μ: 2
2025-05-07 16:48:43,646 - INFO - κΈ°λ³Έ μƒν”λ§ λ μ΄νΈ: 44100Hz
2025-05-07 16:48:43,654 - INFO - 
μΌλ° λ§μ΄ν¬λ¥Ό μ‚¬μ© μ¤‘μ…λ‹λ‹¤.
2025-05-07 16:48:43,663 - INFO - μμ„±μ΄ κ°μ§€λμ§€ μ•λ”λ‹¤λ©΄:
2025-05-07 16:48:43,691 - INFO - 1. λ§μ΄ν¬κ°€ μ •μƒμ μΌλ΅ μ—°κ²°λμ–΄ μλ”μ§€ ν™•μΈν•μ„Έμ”.
2025-05-07 16:48:43,899 - INFO - 2. μ‹μ¤ν… μ„¤μ •μ—μ„ λ§μ΄ν¬ κ¶ν•μ΄ ν—μ©λμ–΄ μλ”μ§€ ν™•μΈν•μ„Έμ”.
2025-05-07 16:48:43,980 - INFO - 3. μ‹μ¤ν… μ„¤μ •μ—μ„ μ…λ ¥ μ¥μΉκ°€ μ¬λ°”λ¥΄κ² μ„ νƒλμ–΄ μλ”μ§€ ν™•μΈν•μ„Έμ”.
2025-05-07 16:48:45,578 - INFO - μ¥μΉ μ •λ³΄: μµλ€ μ…λ ¥ μ±„λ„ = 2, μ„ νƒλ μ±„λ„ = 1
2025-05-07 16:48:45,609 - INFO - μ¤λ””μ¤ μ¤νΈλ¦Όμ΄ μ„±κ³µμ μΌλ΅ μ—΄λ Έμµλ‹λ‹¤. μ±„λ„: 1
2025-05-07 16:48:45,610 - INFO - 
'Microsoft Sound Mapper - Input' μ¥μΉλ¥Ό μ‚¬μ©ν•©λ‹λ‹¤. μ‹μ¤ν… μ¤λ””μ¤ μΊ΅μ²λ¥Ό μ‹μ‘ν•©λ‹λ‹¤...
2025-05-07 16:48:45,613 - INFO - ν„μ¬ μΉ¨λ¬µ μ„κ³„κ°’: 200 (μ΄ κ°’ μ΄μƒμ΄λ©΄ μ¤λ””μ¤κ°€ κ°μ§€λ¨)
2025-05-07 16:48:46,692 - INFO - 
β…  μ¤λ””μ¤ κ°μ§€! Level: 221.2
2025-05-07 16:48:50,733 - INFO - ν„μ¬ μ¤λ””μ¤ λ λ²¨: 10345.5 (μ„κ³„κ°’: 200)
2025-05-07 16:48:50,733 - INFO - β… μμ„±μ΄ κ°μ§€λμ—μµλ‹λ‹¤!
2025-05-07 16:48:54,761 - INFO - 
β³ μΉ¨λ¬µ κ°μ§€! Level: 1.0
2025-05-07 16:48:55,674 - INFO - π“ μμ–΄ μ›λ¬Έ: Now, when I first started in the industry, I started a company called Westwood Studios.
2025-05-07 16:48:55,851 - INFO - ν„μ¬ μ¤λ””μ¤ λ λ²¨: 1.0 (μ„κ³„κ°’: 200)
2025-05-07 16:48:55,852 - INFO - β³ μμ„±μ΄ κ°μ§€λμ§€ μ•μ•μµλ‹λ‹¤.
2025-05-07 16:48:56,532 - INFO - 
[16:48:56] λ²μ—­:
2025-05-07 16:48:56,533 - INFO - "μ κ°€ μ΄ μ—…κ³„μ— μ²μ λ°μ„ λ””λ””μ—μ„ λ•, Westwood StudiosλΌλ” νμ‚¬λ¥Ό μ‹μ‘ν–μµλ‹λ‹¤."
2025-05-07 16:48:56,534 - INFO - μ›λ¬Έ: Now, when I first started in the industry, I started a company called Westwood Studios.
2025-05-07 16:49:00,971 - INFO - ν„μ¬ μ¤λ””μ¤ λ λ²¨: 1.0 (μ„κ³„κ°’: 200)
2025-05-07 16:49:00,972 - INFO - β³ μμ„±μ΄ κ°μ§€λμ§€ μ•μ•μµλ‹λ‹¤.
2025-05-07 16:49:04,423 - INFO - 
β…  μ¤λ””μ¤ κ°μ§€! Level: 445.3
2025-05-07 16:49:06,092 - INFO - ν„μ¬ μ¤λ””μ¤ λ λ²¨: 7046.9 (μ„κ³„κ°’: 200)
2025-05-07 16:49:06,093 - INFO - β… μμ„±μ΄ κ°μ§€λμ—μµλ‹λ‹¤!
2025-05-07 16:49:11,211 - INFO - ν„μ¬ μ¤λ””μ¤ λ λ²¨: 1.0 (μ„κ³„κ°’: 200)
2025-05-07 16:49:11,213 - INFO - β³ μμ„±μ΄ κ°μ§€λμ§€ μ•μ•μµλ‹λ‹¤.
2025-05-07 16:49:11,852 - INFO - 
β³ μΉ¨λ¬µ κ°μ§€! Level: 1.0
2025-05-07 16:49:12,834 - INFO - π“ μμ–΄ μ›λ¬Έ: And I was responsible for our online community, and we had, this is back in 1996, we had
2025-05-07 16:49:16,331 - INFO - ν„μ¬ μ¤λ””μ¤ λ λ²¨: 1.0 (μ„κ³„κ°’: 200)
2025-05-07 16:49:16,333 - INFO - β³ μμ„±μ΄ κ°μ§€λμ§€ μ•μ•μµλ‹λ‹¤.
2025-05-07 16:49:21,451 - INFO - ν„μ¬ μ¤λ””μ¤ λ λ²¨: 1.0 (μ„κ³„κ°’: 200)
2025-05-07 16:49:21,452 - INFO - β³ μμ„±μ΄ κ°μ§€λμ§€ μ•μ•μµλ‹λ‹¤.
