2025-05-07 16:55:00,498 - INFO - μ¤λ””μ¤ μΊ΅μ² λ° λ²μ—­ μ²λ¦¬ μ¤λ λ“ μ‹μ‘...
2025-05-07 16:55:00,506 - INFO - λ°ν™” μ™„λ£ ν›„μ—λ§ λ²μ—­ κ²°κ³Όκ°€ ν‘μ‹λ©λ‹λ‹¤.
2025-05-07 16:55:01,331 - INFO - 
π¤ ν„μ¬ μ¤λ””μ¤ μ…λ ¥ μ„¤μ •:
2025-05-07 16:55:01,426 - INFO - μ¥μΉ μ΄λ¦„: Microsoft Sound Mapper - Input
2025-05-07 16:55:01,429 - INFO - μ…λ ¥ μ±„λ„ μ: 2
2025-05-07 16:55:01,581 - INFO - κΈ°λ³Έ μƒν”λ§ λ μ΄νΈ: 44100Hz
2025-05-07 16:55:01,776 - INFO - 
μΌλ° λ§μ΄ν¬λ¥Ό μ‚¬μ© μ¤‘μ…λ‹λ‹¤.
2025-05-07 16:55:01,877 - INFO - μμ„±μ΄ κ°μ§€λμ§€ μ•λ”λ‹¤λ©΄:
2025-05-07 16:55:01,977 - INFO - 1. λ§μ΄ν¬κ°€ μ •μƒμ μΌλ΅ μ—°κ²°λμ–΄ μλ”μ§€ ν™•μΈν•μ„Έμ”.
2025-05-07 16:55:02,012 - INFO - 2. μ‹μ¤ν… μ„¤μ •μ—μ„ λ§μ΄ν¬ κ¶ν•μ΄ ν—μ©λμ–΄ μλ”μ§€ ν™•μΈν•μ„Έμ”.
2025-05-07 16:55:02,025 - INFO - 3. μ‹μ¤ν… μ„¤μ •μ—μ„ μ…λ ¥ μ¥μΉκ°€ μ¬λ°”λ¥΄κ² μ„ νƒλμ–΄ μλ”μ§€ ν™•μΈν•μ„Έμ”.
2025-05-07 16:55:05,128 - INFO - μ¥μΉ μ •λ³΄: μµλ€ μ…λ ¥ μ±„λ„ = 2, μ„ νƒλ μ±„λ„ = 1
2025-05-07 16:55:05,192 - INFO - μ¤λ””μ¤ μ¤νΈλ¦Όμ΄ μ„±κ³µμ μΌλ΅ μ—΄λ Έμµλ‹λ‹¤. μ±„λ„: 1
2025-05-07 16:55:05,194 - INFO - 
'Microsoft Sound Mapper - Input' μ¥μΉλ¥Ό μ‚¬μ©ν•©λ‹λ‹¤. μ‹μ¤ν… μ¤λ””μ¤ μΊ΅μ²λ¥Ό μ‹μ‘ν•©λ‹λ‹¤...
2025-05-07 16:55:05,207 - INFO - ν„μ¬ μΉ¨λ¬µ μ„κ³„κ°’: 200 (μ΄ κ°’ μ΄μƒμ΄λ©΄ μ¤λ””μ¤κ°€ κ°μ§€λ¨)
2025-05-07 16:55:05,764 - INFO - 
β…  μ¤λ””μ¤ κ°μ§€! Level: 210.5
2025-05-07 16:55:10,303 - INFO - ν„μ¬ μ¤λ””μ¤ λ λ²¨: 10106.1 (μ„κ³„κ°’: 200)
2025-05-07 16:55:10,304 - INFO - β… μμ„±μ΄ κ°μ§€λμ—μµλ‹λ‹¤!
2025-05-07 16:55:13,823 - INFO - 
β³ μΉ¨λ¬µ κ°μ§€! Level: 1.0
2025-05-07 16:55:15,008 - INFO - π“ μμ–΄ μ›λ¬Έ: Now when I first started in the industry, I started a company called Westwood Studios.
2025-05-07 16:55:15,424 - INFO - ν„μ¬ μ¤λ””μ¤ λ λ²¨: 1.0 (μ„κ³„κ°’: 200)
2025-05-07 16:55:15,425 - INFO - β³ μμ„±μ΄ κ°μ§€λμ§€ μ•μ•μµλ‹λ‹¤.
2025-05-07 16:55:16,748 - INFO - 
[16:55:16] μƒλ΅μ΄ λ²μ—­ μ‹μ‘
2025-05-07 16:55:16,749 - INFO - [16:55:16] λ²μ—­:
2025-05-07 16:55:16,751 - INFO - "μ κ°€ μ²μ μ΄ μ—…κ³„μ— λ°μ„ λ“¤μ€μ„ λ•, Westwood StudiosλΌλ” νμ‚¬λ¥Ό μ‹μ‘ν–μµλ‹λ‹¤."
2025-05-07 16:55:16,758 - INFO - μ›λ¬Έ: Now when I first started in the industry, I started a company called Westwood Studios.
2025-05-07 16:55:18,243 - INFO - 
β…  μ¤λ””μ¤ κ°μ§€! Level: 312.1
2025-05-07 16:55:20,543 - INFO - ν„μ¬ μ¤λ””μ¤ λ λ²¨: 247.3 (μ„κ³„κ°’: 200)
2025-05-07 16:55:20,545 - INFO - β… μμ„±μ΄ κ°μ§€λμ—μµλ‹λ‹¤!
2025-05-07 16:55:23,943 - INFO - 
β³ μΉ¨λ¬µ κ°μ§€! Level: 1.0
2025-05-07 16:55:25,392 - INFO - π“ μμ–΄ μ›λ¬Έ: And I was responsible for our online community.
2025-05-07 16:55:25,664 - INFO - ν„μ¬ μ¤λ””μ¤ λ λ²¨: 1.0 (μ„κ³„κ°’: 200)
2025-05-07 16:55:25,671 - INFO - β³ μμ„±μ΄ κ°μ§€λμ§€ μ•μ•μµλ‹λ‹¤.
2025-05-07 16:55:30,783 - INFO - ν„μ¬ μ¤λ””μ¤ λ λ²¨: 1.0 (μ„κ³„κ°’: 200)
2025-05-07 16:55:30,784 - INFO - β³ μμ„±μ΄ κ°μ§€λμ§€ μ•μ•μµλ‹λ‹¤.
2025-05-07 16:55:35,903 - INFO - ν„μ¬ μ¤λ””μ¤ λ λ²¨: 1.0 (μ„κ³„κ°’: 200)
2025-05-07 16:55:35,904 - INFO - β³ μμ„±μ΄ κ°μ§€λμ§€ μ•μ•μµλ‹λ‹¤.
2025-05-07 16:55:41,023 - INFO - ν„μ¬ μ¤λ””μ¤ λ λ²¨: 1.0 (μ„κ³„κ°’: 200)
2025-05-07 16:55:55,587 - INFO - β³ μμ„±μ΄ κ°μ§€λμ§€ μ•μ•μµλ‹λ‹¤.
