2025-05-07 16:59:46,982 - INFO - 오디오 캡처 및 번역 처리 스레드 시작...
2025-05-07 16:59:46,987 - INFO - 발화 완료 후에만 번역 결과가 표시됩니다.
2025-05-07 16:59:48,023 - INFO - 
🎤 현재 오디오 입력 설정:
2025-05-07 16:59:48,102 - INFO - 장치 이름: Microsoft Sound Mapper - Input
2025-05-07 16:59:48,164 - INFO - 입력 채널 수: 2
2025-05-07 16:59:48,201 - INFO - 기본 샘플링 레이트: 44100Hz
2025-05-07 16:59:48,288 - INFO - 
일반 마이크를 사용 중입니다.
2025-05-07 16:59:48,348 - INFO - 음성이 감지되지 않는다면:
2025-05-07 16:59:48,492 - INFO - 1. 마이크가 정상적으로 연결되어 있는지 확인하세요.
2025-05-07 16:59:48,555 - INFO - 2. 시스템 설정에서 마이크 권한이 허용되어 있는지 확인하세요.
2025-05-07 16:59:48,582 - INFO - 3. 시스템 설정에서 입력 장치가 올바르게 선택되어 있는지 확인하세요.
2025-05-07 16:59:51,118 - INFO - 장치 정보: 최대 입력 채널 = 2, 선택된 채널 = 1
2025-05-07 16:59:51,280 - INFO - 오디오 스트림이 성공적으로 열렸습니다. 채널: 1
2025-05-07 16:59:51,299 - INFO - 
'Microsoft Sound Mapper - Input' 장치를 사용합니다. 시스템 오디오 캡처를 시작합니다...
2025-05-07 16:59:51,316 - INFO - 현재 침묵 임계값: 200 (이 값 이상이면 오디오가 감지됨)
2025-05-07 16:59:51,725 - INFO - 
✅  오디오 감지! Level: 228.1
2025-05-07 16:59:56,394 - INFO - 현재 오디오 레벨: 173.4 (임계값: 200)
2025-05-07 16:59:56,397 - INFO - ⏳ 음성이 감지되지 않았습니다.
2025-05-07 16:59:58,573 - INFO - 
⏳ 침묵 감지! Level: 1.0
2025-05-07 16:59:59,439 - INFO - 📝 영어 원문: Now when I first started in the industry I started a company called Westwood Studios.
2025-05-07 17:00:00,402 - INFO - 
[17:00:00] 새로운 번역 시작
2025-05-07 17:00:00,403 - INFO - 초기화 전 prev_translation: 
2025-05-07 17:00:00,408 - INFO - 초기화 전 accumulated_text: 
2025-05-07 17:00:00,417 - INFO - 초기화 후 prev_translation: 
2025-05-07 17:00:00,420 - INFO - 초기화 후 accumulated_text: 
2025-05-07 17:00:00,421 - INFO - [17:00:00] 번역:
2025-05-07 17:00:00,422 - INFO - "제가 업계에 처음 발을 들였을 때 '웨스트우드 스튜디오스'라는 회사를 시작했습니다."
2025-05-07 17:00:00,424 - INFO - 원문: Now when I first started in the industry I started a company called Westwood Studios.
2025-05-07 17:00:01,513 - INFO - 현재 오디오 레벨: 1.0 (임계값: 200)
2025-05-07 17:00:01,515 - INFO - ⏳ 음성이 감지되지 않았습니다.
2025-05-07 17:00:05,104 - INFO - 
✅  오디오 감지! Level: 1003.5
2025-05-07 17:00:06,633 - INFO - 현재 오디오 레벨: 7541.7 (임계값: 200)
2025-05-07 17:00:06,635 - INFO - ✅ 음성이 감지되었습니다!
2025-05-07 17:00:09,963 - INFO - 
⏳ 침묵 감지! Level: 1.0
2025-05-07 17:00:10,872 - INFO - 📝 영어 원문: And I was responsible for our online community.
2025-05-07 17:00:11,753 - INFO - 현재 오디오 레벨: 1.0 (임계값: 200)
2025-05-07 17:00:11,755 - INFO - ⏳ 음성이 감지되지 않았습니다.
2025-05-07 17:00:11,825 - INFO - [17:00:11] 번역:
2025-05-07 17:00:11,825 - INFO - "그리고 저는 우리의 온라인 커뮤니티를 책임졌습니다."
2025-05-07 17:00:11,835 - INFO - 원문: And I was responsible for our online community.
2025-05-07 17:00:16,873 - INFO - 현재 오디오 레벨: 1.0 (임계값: 200)
2025-05-07 17:00:16,874 - INFO - ⏳ 음성이 감지되지 않았습니다.
