2025-05-07 16:21:19,407 - INFO - μ¤λ””μ¤ μΊ΅μ² λ° λ²μ—­ μ²λ¦¬ μ¤λ λ“ μ‹μ‘...
2025-05-07 16:21:19,417 - INFO - λ°ν™” μ™„λ£ ν›„μ—λ§ λ²μ—­ κ²°κ³Όκ°€ ν‘μ‹λ©λ‹λ‹¤.
2025-05-07 16:21:19,739 - INFO - 
π¤ ν„μ¬ μ¤λ””μ¤ μ…λ ¥ μ„¤μ •:
2025-05-07 16:21:22,135 - INFO - μ¥μΉ μ΄λ¦„: Microsoft Sound Mapper - Input
2025-05-07 16:21:22,141 - INFO - μ…λ ¥ μ±„λ„ μ: 2
2025-05-07 16:21:22,147 - INFO - κΈ°λ³Έ μƒν”λ§ λ μ΄νΈ: 44100Hz
2025-05-07 16:21:22,153 - INFO - 
μΌλ° λ§μ΄ν¬λ¥Ό μ‚¬μ© μ¤‘μ…λ‹λ‹¤.
2025-05-07 16:21:22,156 - INFO - μμ„±μ΄ κ°μ§€λμ§€ μ•λ”λ‹¤λ©΄:
2025-05-07 16:21:22,168 - INFO - 1. λ§μ΄ν¬κ°€ μ •μƒμ μΌλ΅ μ—°κ²°λμ–΄ μλ”μ§€ ν™•μΈν•μ„Έμ”.
2025-05-07 16:21:22,170 - INFO - 2. μ‹μ¤ν… μ„¤μ •μ—μ„ λ§μ΄ν¬ κ¶ν•μ΄ ν—μ©λμ–΄ μλ”μ§€ ν™•μΈν•μ„Έμ”.
2025-05-07 16:21:22,175 - INFO - 3. μ‹μ¤ν… μ„¤μ •μ—μ„ μ…λ ¥ μ¥μΉκ°€ μ¬λ°”λ¥΄κ² μ„ νƒλμ–΄ μλ”μ§€ ν™•μΈν•μ„Έμ”.
2025-05-07 16:21:22,339 - INFO - μ¥μΉ μ •λ³΄: μµλ€ μ…λ ¥ μ±„λ„ = 2, μ„ νƒλ μ±„λ„ = 1
2025-05-07 16:21:22,391 - INFO - μ¤λ””μ¤ μ¤νΈλ¦Όμ΄ μ„±κ³µμ μΌλ΅ μ—΄λ Έμµλ‹λ‹¤. μ±„λ„: 1
2025-05-07 16:21:22,392 - INFO - 
'Microsoft Sound Mapper - Input' μ¥μΉλ¥Ό μ‚¬μ©ν•©λ‹λ‹¤. μ‹μ¤ν… μ¤λ””μ¤ μΊ΅μ²λ¥Ό μ‹μ‘ν•©λ‹λ‹¤...
2025-05-07 16:21:22,405 - INFO - ν„μ¬ μΉ¨λ¬µ μ„κ³„κ°’: 200 (μ΄ κ°’ μ΄μƒμ΄λ©΄ μ¤λ””μ¤κ°€ κ°μ§€λ¨)
2025-05-07 16:21:27,506 - INFO - ν„μ¬ μ¤λ””μ¤ λ λ²¨: 1.0 (μ„κ³„κ°’: 200)
2025-05-07 16:21:27,508 - INFO - β³ μμ„±μ΄ κ°μ§€λμ§€ μ•μ•μµλ‹λ‹¤.
2025-05-07 16:21:31,227 - INFO - 
β…  μ¤λ””μ¤ κ°μ§€! Level: 10876.0
2025-05-07 16:21:32,626 - INFO - ν„μ¬ μ¤λ””μ¤ λ λ²¨: 9979.9 (μ„κ³„κ°’: 200)
2025-05-07 16:21:32,627 - INFO - β… μμ„±μ΄ κ°μ§€λμ—μµλ‹λ‹¤!
2025-05-07 16:21:37,746 - INFO - ν„μ¬ μ¤λ””μ¤ λ λ²¨: 12153.3 (μ„κ³„κ°’: 200)
2025-05-07 16:21:37,747 - INFO - β… μμ„±μ΄ κ°μ§€λμ—μµλ‹λ‹¤!
2025-05-07 16:21:43,793 - INFO - ν„μ¬ μ¤λ””μ¤ λ λ²¨: 1.0 (μ„κ³„κ°’: 200)
2025-05-07 16:21:43,798 - INFO - β³ μμ„±μ΄ κ°μ§€λμ§€ μ•μ•μµλ‹λ‹¤.
2025-05-07 16:21:43,848 - INFO - 
β³ μΉ¨λ¬µ κ°μ§€! Level: 1.0
2025-05-07 16:21:46,709 - INFO - 
[16:21:46] λ²μ—­:
2025-05-07 16:21:46,710 - INFO - "μ €λ” κ²μ„ν•λ” κ²ƒμ„ μ •λ§ μΆ‹μ•„ν•©λ‹λ‹¤. ν•μ§€λ§ ν•¨κ» κ²μ„ν•λ” κ²ƒλ³΄λ‹¤ λ” μΆ‹μ€ κ²ƒμ€ μ—†μµλ‹λ‹¤. ν•¨κ» κ²μ„ν•λ” μ‚¬λλ“¤μ€ λ” μ¤λ«λ™μ• κ²μ„μ„ μ¦κΉλ‹λ‹¤."
2025-05-07 16:21:46,712 - INFO - μ›λ¬Έ: I do, I love to play, I love to play games, but nothing beats playing together. And people who play games together, play for longer.
2025-05-07 16:21:48,896 - INFO - ν„μ¬ μ¤λ””μ¤ λ λ²¨: 1.0 (μ„κ³„κ°’: 200)
2025-05-07 16:21:48,897 - INFO - β³ μμ„±μ΄ κ°μ§€λμ§€ μ•μ•μµλ‹λ‹¤.
2025-05-07 16:21:54,016 - INFO - ν„μ¬ μ¤λ””μ¤ λ λ²¨: 1.0 (μ„κ³„κ°’: 200)
2025-05-07 16:21:54,017 - INFO - β³ μμ„±μ΄ κ°μ§€λμ§€ μ•μ•μµλ‹λ‹¤.
2025-05-07 16:21:59,135 - INFO - ν„μ¬ μ¤λ””μ¤ λ λ²¨: 1.0 (μ„κ³„κ°’: 200)
2025-05-07 16:21:59,136 - INFO - β³ μμ„±μ΄ κ°μ§€λμ§€ μ•μ•μµλ‹λ‹¤.
