2025-05-07 16:46:45,734 - INFO - μ¤λ””μ¤ μΊ΅μ² λ° λ²μ—­ μ²λ¦¬ μ¤λ λ“ μ‹μ‘...
2025-05-07 16:46:45,737 - INFO - λ°ν™” μ™„λ£ ν›„μ—λ§ λ²μ—­ κ²°κ³Όκ°€ ν‘μ‹λ©λ‹λ‹¤.
2025-05-07 16:46:46,494 - INFO - 
π¤ ν„μ¬ μ¤λ””μ¤ μ…λ ¥ μ„¤μ •:
2025-05-07 16:46:47,267 - INFO - μ¥μΉ μ΄λ¦„: Microsoft Sound Mapper - Input
2025-05-07 16:46:47,282 - INFO - μ…λ ¥ μ±„λ„ μ: 2
2025-05-07 16:46:47,288 - INFO - κΈ°λ³Έ μƒν”λ§ λ μ΄νΈ: 44100Hz
2025-05-07 16:46:47,292 - INFO - 
μΌλ° λ§μ΄ν¬λ¥Ό μ‚¬μ© μ¤‘μ…λ‹λ‹¤.
2025-05-07 16:46:47,300 - INFO - μμ„±μ΄ κ°μ§€λμ§€ μ•λ”λ‹¤λ©΄:
2025-05-07 16:46:47,310 - INFO - 1. λ§μ΄ν¬κ°€ μ •μƒμ μΌλ΅ μ—°κ²°λμ–΄ μλ”μ§€ ν™•μΈν•μ„Έμ”.
2025-05-07 16:46:47,323 - INFO - 2. μ‹μ¤ν… μ„¤μ •μ—μ„ λ§μ΄ν¬ κ¶ν•μ΄ ν—μ©λμ–΄ μλ”μ§€ ν™•μΈν•μ„Έμ”.
2025-05-07 16:46:47,327 - INFO - 3. μ‹μ¤ν… μ„¤μ •μ—μ„ μ…λ ¥ μ¥μΉκ°€ μ¬λ°”λ¥΄κ² μ„ νƒλμ–΄ μλ”μ§€ ν™•μΈν•μ„Έμ”.
2025-05-07 16:46:49,268 - INFO - μ¥μΉ μ •λ³΄: μµλ€ μ…λ ¥ μ±„λ„ = 2, μ„ νƒλ μ±„λ„ = 1
2025-05-07 16:46:49,309 - INFO - μ¤λ””μ¤ μ¤νΈλ¦Όμ΄ μ„±κ³µμ μΌλ΅ μ—΄λ Έμµλ‹λ‹¤. μ±„λ„: 1
2025-05-07 16:46:49,310 - INFO - 
'Microsoft Sound Mapper - Input' μ¥μΉλ¥Ό μ‚¬μ©ν•©λ‹λ‹¤. μ‹μ¤ν… μ¤λ””μ¤ μΊ΅μ²λ¥Ό μ‹μ‘ν•©λ‹λ‹¤...
2025-05-07 16:46:49,312 - INFO - ν„μ¬ μΉ¨λ¬µ μ„κ³„κ°’: 200 (μ΄ κ°’ μ΄μƒμ΄λ©΄ μ¤λ””μ¤κ°€ κ°μ§€λ¨)
2025-05-07 16:46:49,632 - INFO - 
β…  μ¤λ””μ¤ κ°μ§€! Level: 13691.7
2025-05-07 16:46:54,434 - INFO - ν„μ¬ μ¤λ””μ¤ λ λ²¨: 180.2 (μ„κ³„κ°’: 200)
2025-05-07 16:46:54,435 - INFO - β³ μμ„±μ΄ κ°μ§€λμ§€ μ•μ•μµλ‹λ‹¤.
2025-05-07 16:46:59,421 - INFO - 
β³ μΉ¨λ¬µ κ°μ§€! Level: 1.0
2025-05-07 16:46:59,552 - INFO - ν„μ¬ μ¤λ””μ¤ λ λ²¨: 1.0 (μ„κ³„κ°’: 200)
2025-05-07 16:46:59,553 - INFO - β³ μμ„±μ΄ κ°μ§€λμ§€ μ•μ•μµλ‹λ‹¤.
2025-05-07 16:47:01,092 - INFO - π“ μμ–΄ μ›λ¬Έ: Now, when I first started in the industry, I started a company called Westwood Studios, and I was responsible for our online community.
2025-05-07 16:47:02,429 - INFO - 
[16:47:02] λ²μ—­:
2025-05-07 16:47:02,431 - INFO - "μ κ°€ μ²μ μ΄ μ—…κ³„μ— λ“¤μ–΄μ„°μ„ λ•, Westwood StudiosλΌλ” νμ‚¬λ¥Ό μ‹μ‘ν–μΌλ©°, μ¨λΌμΈ μ»¤λ®¤λ‹ν‹°λ¥Ό λ‹΄λ‹Ήν•κ² λμ—μµλ‹λ‹¤."
2025-05-07 16:47:02,433 - INFO - μ›λ¬Έ: Now, when I first started in the industry, I started a company called Westwood Studios, and I was responsible for our online community.
2025-05-07 16:47:02,440 - ERROR - Error in translation processing: translation_update(QString,QString,QString) needs 3 argument(s), 2 given!
Traceback (most recent call last):
  File "C:\Users\Nongshim\Desktop\Python\Auto.CC\audio_translator.py", line 632, in process_translation_queue
    prev_translation, accumulated_text = self.process_translation_result(
                                         ^^^^^^^^^^^^^^^^^^^^^^^^^^^^^^^^
  File "C:\Users\Nongshim\Desktop\Python\Auto.CC\audio_translator.py", line 602, in process_translation_result
    self.gui_signals.translation_update.emit(timestamp, gui_message)
TypeError: translation_update(QString,QString,QString) needs 3 argument(s), 2 given!
2025-05-07 16:47:04,671 - INFO - ν„μ¬ μ¤λ””μ¤ λ λ²¨: 1.0 (μ„κ³„κ°’: 200)
2025-05-07 16:47:04,672 - INFO - β³ μμ„±μ΄ κ°μ§€λμ§€ μ•μ•μµλ‹λ‹¤.
