2025-05-07 17:01:36,661 - INFO - μ¤λ””μ¤ μΊ΅μ² λ° λ²μ—­ μ²λ¦¬ μ¤λ λ“ μ‹μ‘...
2025-05-07 17:01:36,668 - INFO - λ°ν™” μ™„λ£ ν›„μ—λ§ λ²μ—­ κ²°κ³Όκ°€ ν‘μ‹λ©λ‹λ‹¤.
2025-05-07 17:01:37,263 - INFO - 
π¤ ν„μ¬ μ¤λ””μ¤ μ…λ ¥ μ„¤μ •:
2025-05-07 17:01:37,316 - INFO - μ¥μΉ μ΄λ¦„: Microsoft Sound Mapper - Input
2025-05-07 17:01:37,317 - INFO - μ…λ ¥ μ±„λ„ μ: 2
2025-05-07 17:01:37,319 - INFO - κΈ°λ³Έ μƒν”λ§ λ μ΄νΈ: 44100Hz
2025-05-07 17:01:37,324 - INFO - 
μΌλ° λ§μ΄ν¬λ¥Ό μ‚¬μ© μ¤‘μ…λ‹λ‹¤.
2025-05-07 17:01:37,339 - INFO - μμ„±μ΄ κ°μ§€λμ§€ μ•λ”λ‹¤λ©΄:
2025-05-07 17:01:37,346 - INFO - 1. λ§μ΄ν¬κ°€ μ •μƒμ μΌλ΅ μ—°κ²°λμ–΄ μλ”μ§€ ν™•μΈν•μ„Έμ”.
2025-05-07 17:01:37,349 - INFO - 2. μ‹μ¤ν… μ„¤μ •μ—μ„ λ§μ΄ν¬ κ¶ν•μ΄ ν—μ©λμ–΄ μλ”μ§€ ν™•μΈν•μ„Έμ”.
2025-05-07 17:01:37,356 - INFO - 3. μ‹μ¤ν… μ„¤μ •μ—μ„ μ…λ ¥ μ¥μΉκ°€ μ¬λ°”λ¥΄κ² μ„ νƒλμ–΄ μλ”μ§€ ν™•μΈν•μ„Έμ”.
2025-05-07 17:01:39,709 - INFO - μ¥μΉ μ •λ³΄: μµλ€ μ…λ ¥ μ±„λ„ = 2, μ„ νƒλ μ±„λ„ = 1
2025-05-07 17:01:39,752 - INFO - μ¤λ””μ¤ μ¤νΈλ¦Όμ΄ μ„±κ³µμ μΌλ΅ μ—΄λ Έμµλ‹λ‹¤. μ±„λ„: 1
2025-05-07 17:01:39,753 - INFO - 
'Microsoft Sound Mapper - Input' μ¥μΉλ¥Ό μ‚¬μ©ν•©λ‹λ‹¤. μ‹μ¤ν… μ¤λ””μ¤ μΊ΅μ²λ¥Ό μ‹μ‘ν•©λ‹λ‹¤...
2025-05-07 17:01:39,755 - INFO - ν„μ¬ μΉ¨λ¬µ μ„κ³„κ°’: 200 (μ΄ κ°’ μ΄μƒμ΄λ©΄ μ¤λ””μ¤κ°€ κ°μ§€λ¨)
2025-05-07 17:01:39,814 - INFO - 
β…  μ¤λ””μ¤ κ°μ§€! Level: 9657.7
2025-05-07 17:01:44,874 - INFO - ν„μ¬ μ¤λ””μ¤ λ λ²¨: 1.0 (μ„κ³„κ°’: 200)
2025-05-07 17:01:44,877 - INFO - β³ μμ„±μ΄ κ°μ§€λμ§€ μ•μ•μµλ‹λ‹¤.
2025-05-07 17:01:46,213 - INFO - 
β³ μΉ¨λ¬µ κ°μ§€! Level: 1.0
2025-05-07 17:01:46,961 - INFO - π“ μμ–΄ μ›λ¬Έ: When I first started in the industry, I started a company called Westwood Studios.
2025-05-07 17:01:47,982 - INFO - 
[17:01:47] μƒλ΅μ΄ λ²μ—­ μ‹μ‘
2025-05-07 17:01:47,983 - INFO - μ΄κΈ°ν™” μ „ prev_translation: 
2025-05-07 17:01:47,986 - INFO - μ΄κΈ°ν™” μ „ accumulated_text: 
2025-05-07 17:01:47,992 - INFO - μ΄κΈ°ν™” ν›„ prev_translation: 
2025-05-07 17:01:47,992 - INFO - μ΄κΈ°ν™” ν›„ accumulated_text: 
2025-05-07 17:01:47,993 - INFO - [17:01:47] λ²μ—­:
2025-05-07 17:01:47,993 - INFO - "μ κ°€ μ΄ μ—…κ³„μ— μ²μ λ°μ„ λ“¤μ€μ„ λ•, μ €λ” μ›¨μ¤νΈμ°λ“ μ¤νλ””μ¤λΌλ” νμ‚¬λ¥Ό μ‹μ‘ν–μµλ‹λ‹¤."
2025-05-07 17:01:47,994 - INFO - μ›λ¬Έ: When I first started in the industry, I started a company called Westwood Studios.
2025-05-07 17:01:49,225 - INFO - 
β…  μ¤λ””μ¤ κ°μ§€! Level: 595.7
2025-05-07 17:01:49,995 - INFO - ν„μ¬ μ¤λ””μ¤ λ λ²¨: 7482.6 (μ„κ³„κ°’: 200)
2025-05-07 17:01:49,996 - INFO - β… μμ„±μ΄ κ°μ§€λμ—μµλ‹λ‹¤!
2025-05-07 17:01:53,834 - INFO - 
β³ μΉ¨λ¬µ κ°μ§€! Level: 1.0
2025-05-07 17:01:54,823 - INFO - π“ μμ–΄ μ›λ¬Έ: And I was responsible for our online community.
2025-05-07 17:01:55,114 - INFO - ν„μ¬ μ¤λ””μ¤ λ λ²¨: 1.0 (μ„κ³„κ°’: 200)
2025-05-07 17:01:55,116 - INFO - β³ μμ„±μ΄ κ°μ§€λμ§€ μ•μ•μµλ‹λ‹¤.
2025-05-07 17:02:00,233 - INFO - ν„μ¬ μ¤λ””μ¤ λ λ²¨: 1.0 (μ„κ³„κ°’: 200)
2025-05-07 17:02:00,234 - INFO - β³ μμ„±μ΄ κ°μ§€λμ§€ μ•μ•μµλ‹λ‹¤.
2025-05-07 17:02:05,354 - INFO - ν„μ¬ μ¤λ””μ¤ λ λ²¨: 1.0 (μ„κ³„κ°’: 200)
2025-05-07 17:02:05,356 - INFO - β³ μμ„±μ΄ κ°μ§€λμ§€ μ•μ•μµλ‹λ‹¤.
2025-05-07 17:02:10,474 - INFO - ν„μ¬ μ¤λ””μ¤ λ λ²¨: 1.0 (μ„κ³„κ°’: 200)
2025-05-07 17:02:10,476 - INFO - β³ μμ„±μ΄ κ°μ§€λμ§€ μ•μ•μµλ‹λ‹¤.
