2025-05-07 17:24:06,710 - INFO - μ¤λ””μ¤ μΊ΅μ² λ° λ²μ—­ μ²λ¦¬ μ¤λ λ“ μ‹μ‘...
2025-05-07 17:24:06,713 - INFO - λ°ν™” μ™„λ£ ν›„μ—λ§ λ²μ—­ κ²°κ³Όκ°€ ν‘μ‹λ©λ‹λ‹¤.
2025-05-07 17:24:07,237 - INFO - 
π¤ ν„μ¬ μ¤λ””μ¤ μ…λ ¥ μ„¤μ •:
2025-05-07 17:24:07,278 - INFO - μ¥μΉ μ΄λ¦„: Microsoft Sound Mapper - Input
2025-05-07 17:24:07,282 - INFO - μ…λ ¥ μ±„λ„ μ: 2
2025-05-07 17:24:07,282 - INFO - κΈ°λ³Έ μƒν”λ§ λ μ΄νΈ: 44100Hz
2025-05-07 17:24:07,283 - INFO - 
μΌλ° λ§μ΄ν¬λ¥Ό μ‚¬μ© μ¤‘μ…λ‹λ‹¤.
2025-05-07 17:24:07,284 - INFO - μμ„±μ΄ κ°μ§€λμ§€ μ•λ”λ‹¤λ©΄:
2025-05-07 17:24:07,285 - INFO - 1. λ§μ΄ν¬κ°€ μ •μƒμ μΌλ΅ μ—°κ²°λμ–΄ μλ”μ§€ ν™•μΈν•μ„Έμ”.
2025-05-07 17:24:07,285 - INFO - 2. μ‹μ¤ν… μ„¤μ •μ—μ„ λ§μ΄ν¬ κ¶ν•μ΄ ν—μ©λμ–΄ μλ”μ§€ ν™•μΈν•μ„Έμ”.
2025-05-07 17:24:07,286 - INFO - 3. μ‹μ¤ν… μ„¤μ •μ—μ„ μ…λ ¥ μ¥μΉκ°€ μ¬λ°”λ¥΄κ² μ„ νƒλμ–΄ μλ”μ§€ ν™•μΈν•μ„Έμ”.
2025-05-07 17:24:09,123 - INFO - μ¥μΉ μ •λ³΄: μµλ€ μ…λ ¥ μ±„λ„ = 2, μ„ νƒλ μ±„λ„ = 1
2025-05-07 17:24:09,163 - INFO - μ¤λ””μ¤ μ¤νΈλ¦Όμ΄ μ„±κ³µμ μΌλ΅ μ—΄λ Έμµλ‹λ‹¤. μ±„λ„: 1
2025-05-07 17:24:09,164 - INFO - 
'Microsoft Sound Mapper - Input' μ¥μΉλ¥Ό μ‚¬μ©ν•©λ‹λ‹¤. μ‹μ¤ν… μ¤λ””μ¤ μΊ΅μ²λ¥Ό μ‹μ‘ν•©λ‹λ‹¤...
2025-05-07 17:24:09,167 - INFO - ν„μ¬ μΉ¨λ¬µ μ„κ³„κ°’: 200 (μ΄ κ°’ μ΄μƒμ΄λ©΄ μ¤λ””μ¤κ°€ κ°μ§€λ¨)
2025-05-07 17:24:10,829 - INFO - 
β…  μ¤λ””μ¤ κ°μ§€! Level: 773.8
2025-05-07 17:24:14,278 - INFO - ν„μ¬ μ¤λ””μ¤ λ λ²¨: 1.0 (μ„κ³„κ°’: 200)
2025-05-07 17:24:14,279 - INFO - β³ μμ„±μ΄ κ°μ§€λμ§€ μ•μ•μµλ‹λ‹¤.
2025-05-07 17:24:15,557 - INFO - 
β³ μΉ¨λ¬µ κ°μ§€! Level: 1.0
2025-05-07 17:24:16,282 - INFO - π“ μμ–΄ μ›λ¬Έ: And I was responsible for our online community.
2025-05-07 17:24:19,399 - INFO - ν„μ¬ μ¤λ””μ¤ λ λ²¨: 1.0 (μ„κ³„κ°’: 200)
2025-05-07 17:24:19,400 - INFO - β³ μμ„±μ΄ κ°μ§€λμ§€ μ•μ•μµλ‹λ‹¤.
2025-05-07 17:24:24,517 - INFO - ν„μ¬ μ¤λ””μ¤ λ λ²¨: 1.0 (μ„κ³„κ°’: 200)
2025-05-07 17:24:24,518 - INFO - β³ μμ„±μ΄ κ°μ§€λμ§€ μ•μ•μµλ‹λ‹¤.
2025-05-07 17:24:29,638 - INFO - ν„μ¬ μ¤λ””μ¤ λ λ²¨: 1.0 (μ„κ³„κ°’: 200)
2025-05-07 17:24:29,639 - INFO - β³ μμ„±μ΄ κ°μ§€λμ§€ μ•μ•μµλ‹λ‹¤.
2025-05-07 17:24:34,758 - INFO - ν„μ¬ μ¤λ””μ¤ λ λ²¨: 1.0 (μ„κ³„κ°’: 200)
2025-05-07 17:24:34,759 - INFO - β³ μμ„±μ΄ κ°μ§€λμ§€ μ•μ•μµλ‹λ‹¤.
2025-05-07 17:24:39,878 - INFO - ν„μ¬ μ¤λ””μ¤ λ λ²¨: 1.0 (μ„κ³„κ°’: 200)
2025-05-07 17:24:39,880 - INFO - β³ μμ„±μ΄ κ°μ§€λμ§€ μ•μ•μµλ‹λ‹¤.
2025-05-07 17:24:44,998 - INFO - ν„μ¬ μ¤λ””μ¤ λ λ²¨: 1.0 (μ„κ³„κ°’: 200)
2025-05-07 17:24:44,999 - INFO - β³ μμ„±μ΄ κ°μ§€λμ§€ μ•μ•μµλ‹λ‹¤.
2025-05-07 17:24:50,119 - INFO - ν„μ¬ μ¤λ””μ¤ λ λ²¨: 1.0 (μ„κ³„κ°’: 200)
2025-05-07 17:24:50,121 - INFO - β³ μμ„±μ΄ κ°μ§€λμ§€ μ•μ•μµλ‹λ‹¤.
